[22/Jun/2015 19:37:24]"GET /admin/ HTTP/1.1" 302 0
[22/Jun/2015 19:37:24]"GET /admin/login/?next=/admin/ HTTP/1.1" 200 4335
[22/Jun/2015 19:37:24]"GET /static/admin/js/jquery-migrate-1.2.1.min.js HTTP/1.1" 200 7199
[22/Jun/2015 19:37:24]"GET /static/admin/js/jquery-1.9.1.min.js HTTP/1.1" 200 92629
[22/Jun/2015 19:37:24]"GET /static/bootstrap/js/bootstrap.min.js HTTP/1.1" 200 35951
[22/Jun/2015 19:37:35]"POST /admin/login/?next=/admin/ HTTP/1.1" 302 0
[22/Jun/2015 19:37:48]"GET /admin/ HTTP/1.1" 200 13773
[22/Jun/2015 19:37:49]"GET /static/bootstrap/css/bootstrap.min.css HTTP/1.1" 304 0
[22/Jun/2015 19:37:49]"GET /static/admin/css/dashboard.css HTTP/1.1" 200 434
[22/Jun/2015 19:37:49]"GET /static/admin/css/overrides.css HTTP/1.1" 304 0
[22/Jun/2015 19:37:49]"GET /static/admin/js/jquery-1.9.1.min.js HTTP/1.1" 304 0
[22/Jun/2015 19:37:49]"GET /static/admin/js/jquery-migrate-1.2.1.min.js HTTP/1.1" 304 0
[22/Jun/2015 19:37:56]"GET /static/bootstrap/fonts/glyphicons-halflings-regular.woff2 HTTP/1.1" 304 0
[22/Jun/2015 19:41:04]"GET /admin/ HTTP/1.1" 200 13773
[22/Jun/2015 19:41:04]"GET /static/admin/css/dashboard.css HTTP/1.1" 200 434
[22/Jun/2015 19:41:05]"GET /static/admin/css/overrides.css HTTP/1.1" 200 2726
[22/Jun/2015 19:41:05]"GET /static/admin/js/jquery-migrate-1.2.1.min.js HTTP/1.1" 200 7199
[22/Jun/2015 19:41:05]"GET /static/bootstrap/js/bootstrap.min.js HTTP/1.1" 200 35951
[22/Jun/2015 19:41:05]"GET /static/admin/js/jquery-1.9.1.min.js HTTP/1.1" 200 92629
[22/Jun/2015 19:41:05]"GET /static/bootstrap/css/bootstrap.min.css HTTP/1.1" 200 117305
[22/Jun/2015 19:41:05]"GET /static/bootstrap/fonts/glyphicons-halflings-regular.woff2 HTTP/1.1" 200 18028
[22/Jun/2015 19:41:06]"GET /favicon.ico HTTP/1.1" 404 1948
[23/Jun/2015 04:44:02]"GET /admin/ HTTP/1.1" 200 13773
[23/Jun/2015 04:44:02]"GET /admin/ HTTP/1.1" 200 13773
[23/Jun/2015 04:44:02]"GET /static/admin/css/dashboard.css HTTP/1.1" 200 434
[23/Jun/2015 04:44:02]"GET /static/admin/css/overrides.css HTTP/1.1" 200 2726
[23/Jun/2015 04:44:02]"GET /static/admin/js/jquery-migrate-1.2.1.min.js HTTP/1.1" 200 7199
[23/Jun/2015 04:44:02]"GET /static/bootstrap/js/bootstrap.min.js HTTP/1.1" 200 35951
[23/Jun/2015 04:44:02]"GET /static/bootstrap/css/bootstrap.min.css HTTP/1.1" 200 117305
[23/Jun/2015 04:44:02]"GET /static/admin/js/jquery-1.9.1.min.js HTTP/1.1" 200 92629
[23/Jun/2015 04:44:03]"GET /static/bootstrap/fonts/glyphicons-halflings-regular.woff2 HTTP/1.1" 200 18028
[23/Jun/2015 04:44:03]"GET /favicon.ico HTTP/1.1" 404 1948
/usr/local/lib/python2.7/dist-packages/django/templatetags/future.py:25: RemovedInDjango19Warning: Loading the `url` tag from the `future` library is deprecated and will be removed in Django 1.9. Use the default `url` tag instead.
  RemovedInDjango19Warning)

[23/Jun/2015 04:45:38]"GET /admin/logout/ HTTP/1.1" 200 5172
[23/Jun/2015 04:46:24]"GET /admin/ HTTP/1.1" 302 0
[23/Jun/2015 04:46:26]"GET /admin/login/?next=/admin/ HTTP/1.1" 200 4335
[23/Jun/2015 04:46:38]"POST /admin/login/?next=/admin/ HTTP/1.1" 200 4529
[23/Jun/2015 04:46:51]"POST /admin/login/?next=/admin/ HTTP/1.1" 302 0
[23/Jun/2015 04:46:52]"GET /admin/ HTTP/1.1" 200 13773
[23/Jun/2015 04:47:13]"GET /admin/smartpot/plant/ HTTP/1.1" 200 7137
[23/Jun/2015 04:47:13]"GET /static/admin/css/changelists.css HTTP/1.1" 200 235
[23/Jun/2015 04:47:13]"GET /static/admin/js/admin/RelatedObjectLookups.js HTTP/1.1" 200 4464
[23/Jun/2015 04:47:13]"GET /static/admin/js/core.js HTTP/1.1" 200 7522
[23/Jun/2015 04:47:13]"GET /static/admin/js/jquery.init.js HTTP/1.1" 200 326
[23/Jun/2015 04:47:13]"GET /static/admin/js/actions.js HTTP/1.1" 200 4910
[23/Jun/2015 04:47:14]"GET /static/admin/js/jquery.js HTTP/1.1" 200 284184
[23/Jun/2015 04:47:15]"GET /admin/jsi18n/ HTTP/1.1" 200 2372
[23/Jun/2015 04:47:21]"GET /admin/smartpot/plant/add/ HTTP/1.1" 200 9568
[23/Jun/2015 04:47:22]"GET /static/admin/css/forms.css HTTP/1.1" 200 6283
[23/Jun/2015 04:47:22]"GET /static/admin/css/widgets.css HTTP/1.1" 200 10590
[23/Jun/2015 04:47:23]"GET /admin/jsi18n/ HTTP/1.1" 200 2372
[23/Jun/2015 13:41:59]"GET / HTTP/1.0" 200 1767
[23/Jun/2015 14:00:25]"OPTIONS / HTTP/1.1" 200 1767
[23/Jun/2015 14:00:25]"GET /robots.txt HTTP/1.1" 404 1937
[23/Jun/2015 14:00:28]"GET / HTTP/1.0" 200 1767
[23/Jun/2015 14:00:29]"GET / HTTP/1.1" 200 1767
No handlers could be found for logger "sqlalchemy.pool.QueuePool"
[23/Jun/2015 14:00:47]"GET / HTTP/1.1" 200 1767
[23/Jun/2015 14:00:47]"GET /.git/HEAD HTTP/1.1" 404 1934
[23/Jun/2015 14:00:50]"GET /favicon.ico HTTP/1.1" 404 1940
[23/Jun/2015 14:00:59]"OPTIONS / HTTP/1.1" 200 1767
[23/Jun/2015 14:01:00]"OPTIONS / HTTP/1.1" 200 1767
[23/Jun/2015 14:01:00]"OPTIONS / HTTP/1.1" 200 1767
[23/Jun/2015 14:01:01]"OPTIONS / HTTP/1.1" 200 1767
[23/Jun/2015 14:01:02]"OPTIONS / HTTP/1.1" 200 1767
[23/Jun/2015 14:01:02]"OPTIONS / HTTP/1.1" 200 1767
[23/Jun/2015 14:01:03]"OPTIONS / HTTP/1.1" 200 1767
[23/Jun/2015 14:01:04]"OPTIONS / HTTP/1.1" 200 1767
[23/Jun/2015 14:01:04]"OPTIONS / HTTP/1.1" 200 1767
[23/Jun/2015 14:01:31]"GET http://www.google.com HTTP/1.0" 404 1661
[23/Jun/2015 14:01:31]"HEAD http://www.google.com HTTP/1.0" 404 0
[23/Jun/2015 14:01:32]"CONNECT www.google.com:80 HTTP/1.0" 404 1656
[24/Jun/2015 02:40:46]"GET /w00tw00t.at.ISC.SANS.DFind:) HTTP/1.1" 404 1992
[26/Jun/2015 05:34:47]"GET / HTTP/1.0" 200 1767
[26/Jun/2015 07:54:45]"GET /admin/ HTTP/1.1" 200 13773
[26/Jun/2015 07:54:45]"GET /static/admin/css/dashboard.css HTTP/1.1" 200 434
[26/Jun/2015 07:54:45]"GET /static/admin/css/overrides.css HTTP/1.1" 200 2726
[26/Jun/2015 07:54:45]"GET /static/admin/js/jquery-migrate-1.2.1.min.js HTTP/1.1" 200 7199
[26/Jun/2015 07:54:45]"GET /static/bootstrap/js/bootstrap.min.js HTTP/1.1" 200 35951
[26/Jun/2015 07:54:45]"GET /static/bootstrap/css/bootstrap.min.css HTTP/1.1" 200 117305
[26/Jun/2015 07:54:45]"GET /static/admin/js/jquery-1.9.1.min.js HTTP/1.1" 200 92629
[26/Jun/2015 07:54:45]"GET /static/bootstrap/fonts/glyphicons-halflings-regular.woff2 HTTP/1.1" 200 18028
[26/Jun/2015 07:56:44]"GET /admin/smartpot/plant/ HTTP/1.1" 200 7137
[26/Jun/2015 07:56:44]"GET /static/admin/js/admin/RelatedObjectLookups.js HTTP/1.1" 200 4464
[26/Jun/2015 07:56:44]"GET /static/admin/js/core.js HTTP/1.1" 200 7522
[26/Jun/2015 07:56:44]"GET /static/admin/css/changelists.css HTTP/1.1" 200 235
[26/Jun/2015 07:56:44]"GET /static/admin/js/jquery.init.js HTTP/1.1" 200 326
[26/Jun/2015 07:56:45]"GET /static/admin/js/actions.js HTTP/1.1" 200 4910
[26/Jun/2015 07:56:45]"GET /static/admin/js/jquery.js HTTP/1.1" 200 284184
[26/Jun/2015 07:56:48]"GET /admin/jsi18n/ HTTP/1.1" 200 2372
[26/Jun/2015 07:56:54]"GET /admin/smartpot/plant/add/ HTTP/1.1" 200 9568
[26/Jun/2015 07:56:54]"GET /static/admin/css/forms.css HTTP/1.1" 200 6283
[26/Jun/2015 07:56:54]"GET /static/admin/css/widgets.css HTTP/1.1" 200 10590
[26/Jun/2015 07:56:55]"GET /admin/jsi18n/ HTTP/1.1" 200 2372
[26/Jun/2015 07:57:25]"GET /admin/logout/ HTTP/1.1" 200 5172
[26/Jun/2015 07:57:39]"GET /admin/ HTTP/1.1" 302 0
[26/Jun/2015 07:57:39]"GET /admin/login/?next=/admin/ HTTP/1.1" 200 4335
[26/Jun/2015 09:18:02]"GET /admin/ HTTP/1.1" 302 0
[26/Jun/2015 09:18:02]"GET /admin/login/?next=/admin/ HTTP/1.1" 200 4335
[27/Jun/2015 13:28:51]"GET /w00tw00t.at.ISC.SANS.DFind:) HTTP/1.1" 404 1992
[30/Jun/2015 23:10:07]"GET /w00tw00t.at.ISC.SANS.DFind:) HTTP/1.1" 404 1992
[05/Jul/2015 22:24:28]"GET /w00tw00t.at.ISC.SANS.DFind:) HTTP/1.1" 404 1992
[08/Jul/2015 04:22:49]"GET / HTTP/1.1" 200 1767
[08/Jul/2015 04:22:49]"GET /robots.txt HTTP/1.1" 404 1942
[08/Jul/2015 04:22:50]"GET /sitemap.xml HTTP/1.1" 404 1945
[08/Jul/2015 06:22:51]"GET /admin/ HTTP/1.1" 302 0
[08/Jul/2015 06:22:51]"GET /admin/login/?next=/admin/ HTTP/1.1" 200 4335
[08/Jul/2015 06:22:51]"GET /static/bootstrap/js/bootstrap.min.js HTTP/1.1" 200 35951
[08/Jul/2015 06:22:51]"GET /static/admin/js/jquery-migrate-1.2.1.min.js HTTP/1.1" 200 7199
[08/Jul/2015 06:22:51]"GET /static/admin/css/overrides.css HTTP/1.1" 200 2726
[08/Jul/2015 06:22:51]"GET /static/admin/js/jquery-1.9.1.min.js HTTP/1.1" 200 92629
[08/Jul/2015 06:22:52]"GET /static/bootstrap/css/bootstrap.min.css HTTP/1.1" 200 117305
[08/Jul/2015 06:22:52]"GET /favicon.ico HTTP/1.1" 404 1948
[09/Jul/2015 01:27:45]code 400, message Bad HTTP/0.9 request type ('\x16\x03\x01\x01')
You're accessing the development server over HTTPS, but it only supports HTTP.
[09/Jul/2015 01:27:46]"GET //vtigercrm/index.php HTTP/1.1" 404 1972
[10/Jul/2015 07:27:34]"GET /admin/ HTTP/1.1" 302 0
[10/Jul/2015 07:27:34]"GET /admin/login/?next=/admin/ HTTP/1.1" 200 4335
[10/Jul/2015 07:27:34]"GET /static/admin/css/overrides.css HTTP/1.1" 200 2726
[10/Jul/2015 07:27:34]"GET /static/admin/js/jquery-migrate-1.2.1.min.js HTTP/1.1" 200 7199
[10/Jul/2015 07:27:34]"GET /static/bootstrap/js/bootstrap.min.js HTTP/1.1" 200 35951
[10/Jul/2015 07:27:34]"GET /static/admin/js/jquery-1.9.1.min.js HTTP/1.1" 200 92629
[10/Jul/2015 07:27:35]"GET /static/bootstrap/css/bootstrap.min.css HTTP/1.1" 200 117305
[10/Jul/2015 07:27:37]"GET /favicon.ico HTTP/1.1" 404 1948
[10/Jul/2015 23:18:07]"GET http://www.baidu.com/ HTTP/1.1" 404 1660
[12/Jul/2015 21:04:45]"GET /w00tw00t.at.ISC.SANS.DFind:) HTTP/1.1" 404 1992
[15/Jul/2015 04:03:21]"GET / HTTP/1.1" 200 1767
[15/Jul/2015 04:03:22]"GET /robots.txt HTTP/1.1" 404 1942
[16/Jul/2015 12:20:50]code 400, message Bad HTTP/0.9 request type ('\x16\x03\x01\x00\x9a\x01\x00\x00\x96\x03\x03U\xa7\xa1mnoB\xd8\xccv\x7f\xf0\xc4\xde3cOd\xa1\xaa"\xaaE\xe6\xc5\x9b&>4\xc3\xe9+\x00\x00*\xc0+\xc0#\xc0,\xc0$\xc0')
You're accessing the development server over HTTPS, but it only supports HTTP.
[16/Jul/2015 12:20:50]"GET //vtigercrm/vtigerservice.php HTTP/1.1" 404 1996
[17/Jul/2015 09:15:07]"GET /w00tw00t.at.ISC.SANS.DFind:) HTTP/1.1" 404 1992
[23/Jul/2015 03:23:51]code 400, message Bad request syntax ('\x16\x03\x01\x00\xf4\x01\x00\x00\xf0\x03\x03U\xb0M~P\xa9\xe13Js5\xc0\xb9j\x8do\x9d\x80\xa3\xa9\xe0\x85\x81\x90XQ4\xc9\x91;W\xad\x00\x00\x84\xc00\xc0,\xc0(\xc0$\xc0\x14\xc0')
You're accessing the development server over HTTPS, but it only supports HTTP.
[23/Jul/2015 20:04:46]"GET / HTTP/1.1" 200 1767
[23/Jul/2015 20:04:46]"GET /robots.txt HTTP/1.1" 404 1942
[23/Jul/2015 20:04:47]"GET /sitemap.xml HTTP/1.1" 404 1945
[25/Jul/2015 12:14:16]"GET / HTTP/1.1" 200 1767
[28/Jul/2015 07:02:07]"GET / HTTP/1.1" 200 1767
[28/Jul/2015 07:02:08]"GET /robots.txt HTTP/1.1" 404 1942
[28/Jul/2015 07:02:08]"GET /sitemap.xml HTTP/1.1" 404 1945
[28/Jul/2015 08:30:18]"GET http://www.oddstorm.com/myip HTTP/1.1" 404 1684
[28/Jul/2015 08:30:19]"GET http://www.oddstorm.com/myip HTTP/1.1" 404 1684
[05/Aug/2015 05:09:31]"GET / HTTP/1.1" 200 1767
[05/Aug/2015 05:09:31]"GET /robots.txt HTTP/1.1" 404 1942
[05/Aug/2015 05:10:10]"GET / HTTP/1.1" 200 1767
